{"level":"info","message":"Usuário sendo criado!","timestamp":"12/10/2022 18:17:22"}
{"level":"info","message":"Usuário sendo criado!","timestamp":"12/10/2022 18:18:19"}
{"level":"info","message":"Usuário sendo criado!","timestamp":"12/10/2022 18:21:57"}
{"level":"info","message":"Usuário sendo criado!","timestamp":"12/10/2022 18:22:50"}
{"level":"info","message":"Usuário sendo criado!","timestamp":"12/10/2022 18:23:37"}
{"level":"info","message":"Usuário sendo criado!","timestamp":"12/10/2022 18:23:47"}
{"level":"error","message":"Error: Username already exists\n    at CreateUserUseCase.<anonymous> (/home/dany/cursos/node/medical_appointment/src/modules/users/useCases/create-user/create-user.usecase.ts:24:13)\n    at Generator.next (<anonymous>)\n    at fulfilled (/home/dany/cursos/node/medical_appointment/src/modules/users/useCases/create-user/create-user.usecase.ts:5:58)","timestamp":"12/10/2022 18:23:47"}
{"level":"info","message":"Usuário sendo criado!","timestamp":"13/10/2022 00:38:24"}
{"level":"error","message":"Error: Username already exists\n    at CreateUserUseCase.<anonymous> (/home/dany/cursos/node/medical_appointment/src/modules/users/useCases/create-user/create-user.usecase.ts:24:13)\n    at Generator.next (<anonymous>)\n    at fulfilled (/home/dany/cursos/node/medical_appointment/src/modules/users/useCases/create-user/create-user.usecase.ts:5:58)","timestamp":"13/10/2022 00:38:25"}
{"level":"info","message":"Usuário sendo criado!","timestamp":"13/10/2022 00:38:48"}
{"level":"error","message":"Error: Username already exists\n    at CreateUserUseCase.<anonymous> (/home/dany/cursos/node/medical_appointment/src/modules/users/useCases/create-user/create-user.usecase.ts:24:13)\n    at Generator.next (<anonymous>)\n    at fulfilled (/home/dany/cursos/node/medical_appointment/src/modules/users/useCases/create-user/create-user.usecase.ts:5:58)","timestamp":"13/10/2022 00:38:48"}
{"level":"info","message":"Usuário sendo criado!","timestamp":"13/10/2022 00:39:54"}
{"level":"error","message":"PARAMETER_REQUIRED_ERROR: Username already exists\n    at CreateUserUseCase.<anonymous> (/home/dany/cursos/node/medical_appointment/src/modules/users/useCases/create-user/create-user.usecase.ts:24:13)\n    at Generator.next (<anonymous>)\n    at fulfilled (/home/dany/cursos/node/medical_appointment/src/modules/users/useCases/create-user/create-user.usecase.ts:5:58)","timestamp":"13/10/2022 00:39:54"}
{"level":"info","message":"Usuário sendo criado!","timestamp":"19/10/2022 22:44:25"}
{"level":"error","message":"Error: \nInvalid `prismaClient.user.findUnique()` invocation in\n/home/dany/cursos/node/medical_appointment/src/modules/users/repositories/implementations/user.prisma.repository.ts:7:42\n\n  4 \n  5 export class UserPrismaRepository implements IUserRespository {\n  6   async findByUsername(username: string): Promise<User | undefined> {\n→ 7     const user = await prismaClient.user.findUnique(\nDatabase `medical_appointment` does not exist on the database server at `localhost:5432`.\n    at RequestHandler.handleRequestError (/home/dany/cursos/node/medical_appointment/node_modules/@prisma/client/runtime/index.js:30857:13)\n    at RequestHandler.request (/home/dany/cursos/node/medical_appointment/node_modules/@prisma/client/runtime/index.js:30834:12)\n    at async PrismaClient._request (/home/dany/cursos/node/medical_appointment/node_modules/@prisma/client/runtime/index.js:31812:16)","timestamp":"19/10/2022 22:44:25"}
{"level":"info","message":"Usuário sendo criado!","timestamp":"19/10/2022 22:50:24"}
{"level":"error","message":"Error: \nInvalid `prismaClient.user.findUnique()` invocation in\n/home/dany/cursos/node/medical_appointment/src/modules/users/repositories/implementations/user.prisma.repository.ts:7:42\n\n  4 \n  5 export class UserPrismaRepository implements IUserRespository {\n  6   async findByUsername(username: string): Promise<User | undefined> {\n→ 7     const user = await prismaClient.user.findUnique(\nDatabase `medical_appointment` does not exist on the database server at `localhost:5432`.\n    at RequestHandler.handleRequestError (/home/dany/cursos/node/medical_appointment/node_modules/@prisma/client/runtime/index.js:30857:13)\n    at RequestHandler.request (/home/dany/cursos/node/medical_appointment/node_modules/@prisma/client/runtime/index.js:30834:12)\n    at async PrismaClient._request (/home/dany/cursos/node/medical_appointment/node_modules/@prisma/client/runtime/index.js:31812:16)","timestamp":"19/10/2022 22:50:24"}
{"level":"info","message":"Usuário sendo criado!","timestamp":"19/10/2022 22:51:37"}
{"level":"error","message":"Error: \nInvalid `prismaClient.user.findUnique()` invocation in\n/home/dany/cursos/node/medical_appointment/src/modules/users/repositories/implementations/user.prisma.repository.ts:7:42\n\n  4 \n  5 export class UserPrismaRepository implements IUserRespository {\n  6   async findByUsername(username: string): Promise<User | undefined> {\n→ 7     const user = await prismaClient.user.findUnique(\nDatabase `medical_appointment` does not exist on the database server at `localhost:5432`.\n    at RequestHandler.handleRequestError (/home/dany/cursos/node/medical_appointment/node_modules/@prisma/client/runtime/index.js:30857:13)\n    at RequestHandler.request (/home/dany/cursos/node/medical_appointment/node_modules/@prisma/client/runtime/index.js:30834:12)\n    at async PrismaClient._request (/home/dany/cursos/node/medical_appointment/node_modules/@prisma/client/runtime/index.js:31812:16)","timestamp":"19/10/2022 22:51:37"}
{"level":"info","message":"Usuário sendo criado!","timestamp":"19/10/2022 22:51:44"}
{"level":"error","message":"Error: \nInvalid `prismaClient.user.findUnique()` invocation in\n/home/dany/cursos/node/medical_appointment/src/modules/users/repositories/implementations/user.prisma.repository.ts:7:42\n\n  4 \n  5 export class UserPrismaRepository implements IUserRespository {\n  6   async findByUsername(username: string): Promise<User | undefined> {\n→ 7     const user = await prismaClient.user.findUnique(\nDatabase `medical_appointment` does not exist on the database server at `localhost:5432`.\n    at RequestHandler.handleRequestError (/home/dany/cursos/node/medical_appointment/node_modules/@prisma/client/runtime/index.js:30857:13)\n    at RequestHandler.request (/home/dany/cursos/node/medical_appointment/node_modules/@prisma/client/runtime/index.js:30834:12)\n    at async PrismaClient._request (/home/dany/cursos/node/medical_appointment/node_modules/@prisma/client/runtime/index.js:31812:16)","timestamp":"19/10/2022 22:51:44"}
{"level":"info","message":"Usuário sendo criado!","timestamp":"19/10/2022 22:52:00"}
{"level":"error","message":"Error: \nInvalid `prismaClient.user.findUnique()` invocation in\n/home/dany/cursos/node/medical_appointment/src/modules/users/repositories/implementations/user.prisma.repository.ts:7:42\n\n  4 \n  5 export class UserPrismaRepository implements IUserRespository {\n  6   async findByUsername(username: string): Promise<User | undefined> {\n→ 7     const user = await prismaClient.user.findUnique(\nDatabase `medical_appointment` does not exist on the database server at `localhost:5432`.\n    at RequestHandler.handleRequestError (/home/dany/cursos/node/medical_appointment/node_modules/@prisma/client/runtime/index.js:30857:13)\n    at RequestHandler.request (/home/dany/cursos/node/medical_appointment/node_modules/@prisma/client/runtime/index.js:30834:12)\n    at async PrismaClient._request (/home/dany/cursos/node/medical_appointment/node_modules/@prisma/client/runtime/index.js:31812:16)","timestamp":"19/10/2022 22:52:00"}
{"level":"info","message":"Usuário sendo criado!","timestamp":"19/10/2022 22:52:33"}
{"level":"error","message":"Error: Username already exists\n    at CreateUserUseCase.<anonymous> (/home/dany/cursos/node/medical_appointment/src/modules/users/useCases/create-user/create-user.usecase.ts:25:13)\n    at Generator.next (<anonymous>)\n    at fulfilled (/home/dany/cursos/node/medical_appointment/src/modules/users/useCases/create-user/create-user.usecase.ts:5:58)","timestamp":"19/10/2022 22:52:33"}
{"level":"info","message":"Usuário sendo criado!","timestamp":"19/10/2022 22:52:42"}
{"level":"error","message":"Error: Username already exists\n    at CreateUserUseCase.<anonymous> (/home/dany/cursos/node/medical_appointment/src/modules/users/useCases/create-user/create-user.usecase.ts:25:13)\n    at Generator.next (<anonymous>)\n    at fulfilled (/home/dany/cursos/node/medical_appointment/src/modules/users/useCases/create-user/create-user.usecase.ts:5:58)","timestamp":"19/10/2022 22:52:42"}
{"level":"info","message":"Usuário sendo criado!","timestamp":"19/10/2022 22:53:31"}
{"level":"error","message":"Error: Username already exists\n    at CreateUserUseCase.<anonymous> (/home/dany/cursos/node/medical_appointment/src/modules/users/useCases/create-user/create-user.usecase.ts:24:13)\n    at Generator.next (<anonymous>)\n    at fulfilled (/home/dany/cursos/node/medical_appointment/src/modules/users/useCases/create-user/create-user.usecase.ts:5:58)","timestamp":"19/10/2022 22:53:31"}
{"level":"info","message":"Usuário sendo criado!","timestamp":"19/10/2022 22:58:32"}
{"level":"error","message":"USER_EXISTS_ERROR: Username already exists\n    at CreateUserUseCase.<anonymous> (/home/dany/cursos/node/medical_appointment/src/modules/users/useCases/create-user/create-user.usecase.ts:25:13)\n    at Generator.next (<anonymous>)\n    at fulfilled (/home/dany/cursos/node/medical_appointment/src/modules/users/useCases/create-user/create-user.usecase.ts:5:58)","timestamp":"19/10/2022 22:58:32"}
{"level":"info","message":"Usuário sendo criado!","timestamp":"19/10/2022 22:58:49"}
{"level":"error","message":"USER_EXISTS_ERROR: Username already exists\n    at CreateUserUseCase.<anonymous> (/home/dany/cursos/node/medical_appointment/src/modules/users/useCases/create-user/create-user.usecase.ts:25:13)\n    at Generator.next (<anonymous>)\n    at fulfilled (/home/dany/cursos/node/medical_appointment/src/modules/users/useCases/create-user/create-user.usecase.ts:5:58)","timestamp":"19/10/2022 22:58:49"}
{"level":"info","message":"Usuário sendo criado!","timestamp":"19/10/2022 22:59:15"}
{"level":"error","message":"Username already exists\n    at CreateUserUseCase.<anonymous> (/home/dany/cursos/node/medical_appointment/src/modules/users/useCases/create-user/create-user.usecase.ts:25:13)\n    at Generator.next (<anonymous>)\n    at fulfilled (/home/dany/cursos/node/medical_appointment/src/modules/users/useCases/create-user/create-user.usecase.ts:5:58)","timestamp":"19/10/2022 22:59:15"}
{"level":"info","message":"Usuário sendo criado!","timestamp":"19/10/2022 22:59:31"}
{"level":"error","message":"USER_EXISTS_ERROR: Username already exists\n    at CreateUserUseCase.<anonymous> (/home/dany/cursos/node/medical_appointment/src/modules/users/useCases/create-user/create-user.usecase.ts:25:13)\n    at Generator.next (<anonymous>)\n    at fulfilled (/home/dany/cursos/node/medical_appointment/src/modules/users/useCases/create-user/create-user.usecase.ts:5:58)","timestamp":"19/10/2022 22:59:31"}
{"level":"info","message":"Usuário sendo criado!","timestamp":"25/10/2022 00:46:46"}
{"level":"info","message":"Usuário sendo criado!","timestamp":"25/10/2022 00:47:13"}
